Started GET "/" for 127.0.0.1 at 2017-03-04 17:52:43 +0700
  
ActiveRecord::NoDatabaseError (Unknown database 'twitter-example_development'):
  
activerecord (5.0.1) lib/active_record/connection_adapters/mysql2_adapter.rb:29:in `rescue in mysql2_connection'
activerecord (5.0.1) lib/active_record/connection_adapters/mysql2_adapter.rb:12:in `mysql2_connection'
activerecord (5.0.1) lib/active_record/connection_adapters/abstract/connection_pool.rb:729:in `new_connection'
activerecord (5.0.1) lib/active_record/connection_adapters/abstract/connection_pool.rb:773:in `checkout_new_connection'
activerecord (5.0.1) lib/active_record/connection_adapters/abstract/connection_pool.rb:752:in `try_to_checkout_new_connection'
activerecord (5.0.1) lib/active_record/connection_adapters/abstract/connection_pool.rb:713:in `acquire_connection'
activerecord (5.0.1) lib/active_record/connection_adapters/abstract/connection_pool.rb:490:in `checkout'
activerecord (5.0.1) lib/active_record/connection_adapters/abstract/connection_pool.rb:364:in `connection'
activerecord (5.0.1) lib/active_record/connection_adapters/abstract/connection_pool.rb:883:in `retrieve_connection'
activerecord (5.0.1) lib/active_record/connection_handling.rb:128:in `retrieve_connection'
activerecord (5.0.1) lib/active_record/connection_handling.rb:91:in `connection'
activerecord (5.0.1) lib/active_record/migration.rb:559:in `connection'
activerecord (5.0.1) lib/active_record/migration.rb:546:in `call'
actionpack (5.0.1) lib/action_dispatch/middleware/callbacks.rb:38:in `block in call'
activesupport (5.0.1) lib/active_support/callbacks.rb:97:in `__run_callbacks__'
activesupport (5.0.1) lib/active_support/callbacks.rb:750:in `_run_call_callbacks'
activesupport (5.0.1) lib/active_support/callbacks.rb:90:in `run_callbacks'
actionpack (5.0.1) lib/action_dispatch/middleware/callbacks.rb:36:in `call'
actionpack (5.0.1) lib/action_dispatch/middleware/executor.rb:12:in `call'
actionpack (5.0.1) lib/action_dispatch/middleware/remote_ip.rb:79:in `call'
actionpack (5.0.1) lib/action_dispatch/middleware/debug_exceptions.rb:49:in `call'
web-console (3.4.0) lib/web_console/middleware.rb:135:in `call_app'
web-console (3.4.0) lib/web_console/middleware.rb:28:in `block in call'
web-console (3.4.0) lib/web_console/middleware.rb:18:in `catch'
web-console (3.4.0) lib/web_console/middleware.rb:18:in `call'
actionpack (5.0.1) lib/action_dispatch/middleware/show_exceptions.rb:31:in `call'
railties (5.0.1) lib/rails/rack/logger.rb:36:in `call_app'
railties (5.0.1) lib/rails/rack/logger.rb:24:in `block in call'
activesupport (5.0.1) lib/active_support/tagged_logging.rb:69:in `block in tagged'
activesupport (5.0.1) lib/active_support/tagged_logging.rb:26:in `tagged'
activesupport (5.0.1) lib/active_support/tagged_logging.rb:69:in `tagged'
railties (5.0.1) lib/rails/rack/logger.rb:24:in `call'
sprockets-rails (3.2.0) lib/sprockets/rails/quiet_assets.rb:13:in `call'
actionpack (5.0.1) lib/action_dispatch/middleware/request_id.rb:24:in `call'
rack (2.0.1) lib/rack/method_override.rb:22:in `call'
rack (2.0.1) lib/rack/runtime.rb:22:in `call'
activesupport (5.0.1) lib/active_support/cache/strategy/local_cache_middleware.rb:28:in `call'
actionpack (5.0.1) lib/action_dispatch/middleware/executor.rb:12:in `call'
actionpack (5.0.1) lib/action_dispatch/middleware/static.rb:136:in `call'
rack (2.0.1) lib/rack/sendfile.rb:111:in `call'
railties (5.0.1) lib/rails/engine.rb:522:in `call'
puma (3.7.0) lib/puma/configuration.rb:226:in `call'
puma (3.7.0) lib/puma/server.rb:578:in `handle_request'
puma (3.7.0) lib/puma/server.rb:415:in `process_client'
puma (3.7.0) lib/puma/server.rb:275:in `block in run'
puma (3.7.0) lib/puma/thread_pool.rb:120:in `block in spawn_thread'
  Rendering /Users/tatasutiadi/.rvm/gems/ruby-2.3.3/gems/actionpack-5.0.1/lib/action_dispatch/middleware/templates/rescues/diagnostics.html.erb within rescues/layout
  Rendering /Users/tatasutiadi/.rvm/gems/ruby-2.3.3/gems/actionpack-5.0.1/lib/action_dispatch/middleware/templates/rescues/_source.html.erb
  Rendered /Users/tatasutiadi/.rvm/gems/ruby-2.3.3/gems/actionpack-5.0.1/lib/action_dispatch/middleware/templates/rescues/_source.html.erb (4.3ms)
  Rendering /Users/tatasutiadi/.rvm/gems/ruby-2.3.3/gems/actionpack-5.0.1/lib/action_dispatch/middleware/templates/rescues/_trace.html.erb
  Rendered /Users/tatasutiadi/.rvm/gems/ruby-2.3.3/gems/actionpack-5.0.1/lib/action_dispatch/middleware/templates/rescues/_trace.html.erb (3.0ms)
  Rendering /Users/tatasutiadi/.rvm/gems/ruby-2.3.3/gems/actionpack-5.0.1/lib/action_dispatch/middleware/templates/rescues/_request_and_response.html.erb
  Rendered /Users/tatasutiadi/.rvm/gems/ruby-2.3.3/gems/actionpack-5.0.1/lib/action_dispatch/middleware/templates/rescues/_request_and_response.html.erb (1.3ms)
  Rendered /Users/tatasutiadi/.rvm/gems/ruby-2.3.3/gems/actionpack-5.0.1/lib/action_dispatch/middleware/templates/rescues/diagnostics.html.erb within rescues/layout (216.4ms)
Started GET "/" for 127.0.0.1 at 2017-03-04 18:15:54 +0700
Processing by Rails::WelcomeController#index as HTML
  Parameters: {"internal"=>true}
  Rendering /Users/tatasutiadi/.rvm/gems/ruby-2.3.3/gems/railties-5.0.1/lib/rails/templates/rails/welcome/index.html.erb
  Rendered /Users/tatasutiadi/.rvm/gems/ruby-2.3.3/gems/railties-5.0.1/lib/rails/templates/rails/welcome/index.html.erb (15.7ms)
Completed 200 OK in 125ms (Views: 66.1ms | ActiveRecord: 0.0ms)


Started GET "/" for 127.0.0.1 at 2017-03-05 11:59:55 +0700
  
ArgumentError (Missing :controller key on routes definition, please check your routes.):
  
config/routes.rb:2:in `block in <top (required)>'
config/routes.rb:1:in `<top (required)>'
  Rendering /Users/tatasutiadi/.rvm/gems/ruby-2.3.3/gems/actionpack-5.0.1/lib/action_dispatch/middleware/templates/rescues/diagnostics.html.erb within rescues/layout
  Rendering /Users/tatasutiadi/.rvm/gems/ruby-2.3.3/gems/actionpack-5.0.1/lib/action_dispatch/middleware/templates/rescues/_source.html.erb
  Rendered /Users/tatasutiadi/.rvm/gems/ruby-2.3.3/gems/actionpack-5.0.1/lib/action_dispatch/middleware/templates/rescues/_source.html.erb (8.0ms)
  Rendering /Users/tatasutiadi/.rvm/gems/ruby-2.3.3/gems/actionpack-5.0.1/lib/action_dispatch/middleware/templates/rescues/_trace.html.erb
  Rendered /Users/tatasutiadi/.rvm/gems/ruby-2.3.3/gems/actionpack-5.0.1/lib/action_dispatch/middleware/templates/rescues/_trace.html.erb (3.9ms)
  Rendering /Users/tatasutiadi/.rvm/gems/ruby-2.3.3/gems/actionpack-5.0.1/lib/action_dispatch/middleware/templates/rescues/_request_and_response.html.erb
  Rendered /Users/tatasutiadi/.rvm/gems/ruby-2.3.3/gems/actionpack-5.0.1/lib/action_dispatch/middleware/templates/rescues/_request_and_response.html.erb (1.3ms)
  Rendered /Users/tatasutiadi/.rvm/gems/ruby-2.3.3/gems/actionpack-5.0.1/lib/action_dispatch/middleware/templates/rescues/diagnostics.html.erb within rescues/layout (227.1ms)
Started GET "/" for 127.0.0.1 at 2017-03-05 12:00:21 +0700
Processing by HomeController#index as HTML
  Rendering home/index.html.erb within layouts/application
  Rendered home/index.html.erb within layouts/application (1387.8ms)
Completed 200 OK in 8021ms (Views: 7967.0ms | ActiveRecord: 0.0ms)


Started GET "/" for 127.0.0.1 at 2017-03-05 12:00:54 +0700
Processing by HomeController#index as HTML
  Rendering home/index.html.erb within layouts/application
  Rendered home/index.html.erb within layouts/application (817.3ms)
Completed 200 OK in 860ms (Views: 856.4ms | ActiveRecord: 0.0ms)


Started GET "/" for 127.0.0.1 at 2017-03-05 12:01:40 +0700
Processing by HomeController#index as HTML
  Rendering home/index.html.erb within layouts/application
  Rendered home/index.html.erb within layouts/application (882.2ms)
Completed 500 Internal Server Error in 891ms (ActiveRecord: 0.0ms)


  
ActionView::Template::Error (undefined method `each' for #<String:0x007ffa8f73f488>):
    1: <h1>Home#index</h1>
    2: <p>Find me in app/views/home/index.html.erb</p>
    3: <% TwitterApi.hometimeline.each do |hastag|%>
    4: 
    5:     <ul>
    6:       <li>
  
app/views/home/index.html.erb:3:in `_app_views_home_index_html_erb__1021254454379738837_70357030164340'
  Rendering /Users/tatasutiadi/.rvm/gems/ruby-2.3.3/gems/actionpack-5.0.1/lib/action_dispatch/middleware/templates/rescues/template_error.html.erb within rescues/layout
  Rendering /Users/tatasutiadi/.rvm/gems/ruby-2.3.3/gems/actionpack-5.0.1/lib/action_dispatch/middleware/templates/rescues/_source.html.erb
  Rendered /Users/tatasutiadi/.rvm/gems/ruby-2.3.3/gems/actionpack-5.0.1/lib/action_dispatch/middleware/templates/rescues/_source.html.erb (8.7ms)
  Rendering /Users/tatasutiadi/.rvm/gems/ruby-2.3.3/gems/actionpack-5.0.1/lib/action_dispatch/middleware/templates/rescues/_trace.html.erb
  Rendered /Users/tatasutiadi/.rvm/gems/ruby-2.3.3/gems/actionpack-5.0.1/lib/action_dispatch/middleware/templates/rescues/_trace.html.erb (3.3ms)
  Rendering /Users/tatasutiadi/.rvm/gems/ruby-2.3.3/gems/actionpack-5.0.1/lib/action_dispatch/middleware/templates/rescues/_request_and_response.html.erb
  Rendered /Users/tatasutiadi/.rvm/gems/ruby-2.3.3/gems/actionpack-5.0.1/lib/action_dispatch/middleware/templates/rescues/_request_and_response.html.erb (1.2ms)
  Rendered /Users/tatasutiadi/.rvm/gems/ruby-2.3.3/gems/actionpack-5.0.1/lib/action_dispatch/middleware/templates/rescues/template_error.html.erb within rescues/layout (111.9ms)
Started GET "/" for 127.0.0.1 at 2017-03-05 12:02:21 +0700
Processing by HomeController#index as HTML
  Rendering home/index.html.erb within layouts/application
  Rendered home/index.html.erb within layouts/application (841.2ms)
Completed 500 Internal Server Error in 850ms (ActiveRecord: 0.0ms)


  
ActionView::Template::Error (undefined method `each' for #<String:0x007ffa8eb827f8>):
    1: <h1>Home#index</h1>
    2: <p>Find me in app/views/home/index.html.erb</p>
    3: <% TwitterApi.hometimeline.each do |hastag|%>
    4: 
    5:     <ul>
    6:       <li>
  
app/views/home/index.html.erb:3:in `_app_views_home_index_html_erb__1021254454379738837_70357056666300'
  Rendering /Users/tatasutiadi/.rvm/gems/ruby-2.3.3/gems/actionpack-5.0.1/lib/action_dispatch/middleware/templates/rescues/template_error.html.erb within rescues/layout
  Rendering /Users/tatasutiadi/.rvm/gems/ruby-2.3.3/gems/actionpack-5.0.1/lib/action_dispatch/middleware/templates/rescues/_source.html.erb
  Rendered /Users/tatasutiadi/.rvm/gems/ruby-2.3.3/gems/actionpack-5.0.1/lib/action_dispatch/middleware/templates/rescues/_source.html.erb (6.4ms)
  Rendering /Users/tatasutiadi/.rvm/gems/ruby-2.3.3/gems/actionpack-5.0.1/lib/action_dispatch/middleware/templates/rescues/_trace.html.erb
  Rendered /Users/tatasutiadi/.rvm/gems/ruby-2.3.3/gems/actionpack-5.0.1/lib/action_dispatch/middleware/templates/rescues/_trace.html.erb (2.7ms)
  Rendering /Users/tatasutiadi/.rvm/gems/ruby-2.3.3/gems/actionpack-5.0.1/lib/action_dispatch/middleware/templates/rescues/_request_and_response.html.erb
  Rendered /Users/tatasutiadi/.rvm/gems/ruby-2.3.3/gems/actionpack-5.0.1/lib/action_dispatch/middleware/templates/rescues/_request_and_response.html.erb (1.0ms)
  Rendered /Users/tatasutiadi/.rvm/gems/ruby-2.3.3/gems/actionpack-5.0.1/lib/action_dispatch/middleware/templates/rescues/template_error.html.erb within rescues/layout (97.8ms)
Started GET "/" for 127.0.0.1 at 2017-03-05 12:03:17 +0700
Processing by HomeController#index as HTML
  Rendering home/index.html.erb within layouts/application
  Rendered home/index.html.erb within layouts/application (739.5ms)
Completed 200 OK in 767ms (Views: 764.1ms | ActiveRecord: 0.0ms)


Started GET "/" for 127.0.0.1 at 2017-03-05 12:03:36 +0700
Processing by HomeController#index as HTML
  Rendering home/index.html.erb within layouts/application
  Rendered home/index.html.erb within layouts/application (777.2ms)
Completed 500 Internal Server Error in 785ms (ActiveRecord: 0.0ms)


  
ActionView::Template::Error (undefined method `each' for #<String:0x007ffa939c6cc0>):
    2: <p>Find me in app/views/home/index.html.erb</p>
    3: 
    4:     <ul>
    5:       <% TwitterApi.hometimeline.each do |hastag|%>
    6:       <li>
    7:         a
    8:       </li>
  
app/views/home/index.html.erb:5:in `_app_views_home_index_html_erb__1021254454379738837_70357035167580'
  Rendering /Users/tatasutiadi/.rvm/gems/ruby-2.3.3/gems/actionpack-5.0.1/lib/action_dispatch/middleware/templates/rescues/template_error.html.erb within rescues/layout
  Rendering /Users/tatasutiadi/.rvm/gems/ruby-2.3.3/gems/actionpack-5.0.1/lib/action_dispatch/middleware/templates/rescues/_source.html.erb
  Rendered /Users/tatasutiadi/.rvm/gems/ruby-2.3.3/gems/actionpack-5.0.1/lib/action_dispatch/middleware/templates/rescues/_source.html.erb (6.4ms)
  Rendering /Users/tatasutiadi/.rvm/gems/ruby-2.3.3/gems/actionpack-5.0.1/lib/action_dispatch/middleware/templates/rescues/_trace.html.erb
  Rendered /Users/tatasutiadi/.rvm/gems/ruby-2.3.3/gems/actionpack-5.0.1/lib/action_dispatch/middleware/templates/rescues/_trace.html.erb (2.6ms)
  Rendering /Users/tatasutiadi/.rvm/gems/ruby-2.3.3/gems/actionpack-5.0.1/lib/action_dispatch/middleware/templates/rescues/_request_and_response.html.erb
  Rendered /Users/tatasutiadi/.rvm/gems/ruby-2.3.3/gems/actionpack-5.0.1/lib/action_dispatch/middleware/templates/rescues/_request_and_response.html.erb (6.3ms)
  Rendered /Users/tatasutiadi/.rvm/gems/ruby-2.3.3/gems/actionpack-5.0.1/lib/action_dispatch/middleware/templates/rescues/template_error.html.erb within rescues/layout (105.4ms)
Started GET "/" for 127.0.0.1 at 2017-03-05 12:03:51 +0700
Processing by HomeController#index as HTML
  Rendering home/index.html.erb within layouts/application
  Rendered home/index.html.erb within layouts/application (857.7ms)
Completed 500 Internal Server Error in 870ms (ActiveRecord: 0.0ms)


  
ActionView::Template::Error (undefined method `each' for #<String:0x007ffa8c1d1968>):
    2: <p>Find me in app/views/home/index.html.erb</p>
    3: 
    4:     <ul>
    5:       <% TwitterApi.hometimeline.each do |hastag|%>
    6:       <li>
    7:         a
    8:       </li>
  
app/views/home/index.html.erb:5:in `_app_views_home_index_html_erb__1021254454379738837_70357038475820'
  Rendering /Users/tatasutiadi/.rvm/gems/ruby-2.3.3/gems/actionpack-5.0.1/lib/action_dispatch/middleware/templates/rescues/template_error.html.erb within rescues/layout
  Rendering /Users/tatasutiadi/.rvm/gems/ruby-2.3.3/gems/actionpack-5.0.1/lib/action_dispatch/middleware/templates/rescues/_source.html.erb
  Rendered /Users/tatasutiadi/.rvm/gems/ruby-2.3.3/gems/actionpack-5.0.1/lib/action_dispatch/middleware/templates/rescues/_source.html.erb (12.4ms)
  Rendering /Users/tatasutiadi/.rvm/gems/ruby-2.3.3/gems/actionpack-5.0.1/lib/action_dispatch/middleware/templates/rescues/_trace.html.erb
  Rendered /Users/tatasutiadi/.rvm/gems/ruby-2.3.3/gems/actionpack-5.0.1/lib/action_dispatch/middleware/templates/rescues/_trace.html.erb (4.9ms)
  Rendering /Users/tatasutiadi/.rvm/gems/ruby-2.3.3/gems/actionpack-5.0.1/lib/action_dispatch/middleware/templates/rescues/_request_and_response.html.erb
  Rendered /Users/tatasutiadi/.rvm/gems/ruby-2.3.3/gems/actionpack-5.0.1/lib/action_dispatch/middleware/templates/rescues/_request_and_response.html.erb (1.3ms)
  Rendered /Users/tatasutiadi/.rvm/gems/ruby-2.3.3/gems/actionpack-5.0.1/lib/action_dispatch/middleware/templates/rescues/template_error.html.erb within rescues/layout (191.7ms)
Started GET "/" for 127.0.0.1 at 2017-03-05 12:05:19 +0700
Processing by HomeController#index as HTML
  Rendering home/index.html.erb within layouts/application
  Rendered home/index.html.erb within layouts/application (1237.1ms)
Completed 200 OK in 1276ms (Views: 1272.7ms | ActiveRecord: 0.0ms)


Started GET "/" for 127.0.0.1 at 2017-03-05 12:05:34 +0700
Processing by HomeController#index as HTML
  Rendering home/index.html.erb within layouts/application
  Rendered home/index.html.erb within layouts/application (868.5ms)
Completed 200 OK in 922ms (Views: 917.9ms | ActiveRecord: 0.0ms)


Started GET "/" for 127.0.0.1 at 2017-03-05 12:05:37 +0700
Processing by HomeController#index as HTML
  Rendering home/index.html.erb within layouts/application
  Rendered home/index.html.erb within layouts/application (988.0ms)
Completed 200 OK in 1030ms (Views: 1024.8ms | ActiveRecord: 0.0ms)


Started GET "/" for 127.0.0.1 at 2017-03-05 12:05:39 +0700
Processing by HomeController#index as HTML
  Rendering home/index.html.erb within layouts/application
  Rendered home/index.html.erb within layouts/application (802.3ms)
Completed 200 OK in 846ms (Views: 843.9ms | ActiveRecord: 0.0ms)


Started GET "/" for 127.0.0.1 at 2017-03-05 12:05:41 +0700
Processing by HomeController#index as HTML
  Rendering home/index.html.erb within layouts/application
  Rendered home/index.html.erb within layouts/application (852.0ms)
Completed 200 OK in 879ms (Views: 877.0ms | ActiveRecord: 0.0ms)


Started GET "/" for 127.0.0.1 at 2017-03-05 12:05:53 +0700
Processing by HomeController#index as HTML
  Rendering home/index.html.erb within layouts/application
  Rendered home/index.html.erb within layouts/application (820.9ms)
Completed 200 OK in 874ms (Views: 871.0ms | ActiveRecord: 0.0ms)


Started GET "/" for 127.0.0.1 at 2017-03-05 12:07:38 +0700
Processing by HomeController#index as HTML
  Rendering home/index.html.erb within layouts/application
  Rendered home/index.html.erb within layouts/application (1214.9ms)
Completed 500 Internal Server Error in 1226ms (ActiveRecord: 0.0ms)


  
ActionView::Template::Error (undefined method `each' for #<String:0x007ffa8ecfb7b0>):
    2: <p>Find me in app/views/home/index.html.erb</p>
    3: 
    4:     <ul>
    5:       <% TwitterApi.hometimeline.each do |hastag|%>
    6:       <li>
    7:         <%= hastag.text%>
    8:       </li>
  
app/views/home/index.html.erb:5:in `_app_views_home_index_html_erb__1021254454379738837_70357062696300'
  Rendering /Users/tatasutiadi/.rvm/gems/ruby-2.3.3/gems/actionpack-5.0.1/lib/action_dispatch/middleware/templates/rescues/template_error.html.erb within rescues/layout
  Rendering /Users/tatasutiadi/.rvm/gems/ruby-2.3.3/gems/actionpack-5.0.1/lib/action_dispatch/middleware/templates/rescues/_source.html.erb
  Rendered /Users/tatasutiadi/.rvm/gems/ruby-2.3.3/gems/actionpack-5.0.1/lib/action_dispatch/middleware/templates/rescues/_source.html.erb (7.0ms)
  Rendering /Users/tatasutiadi/.rvm/gems/ruby-2.3.3/gems/actionpack-5.0.1/lib/action_dispatch/middleware/templates/rescues/_trace.html.erb
  Rendered /Users/tatasutiadi/.rvm/gems/ruby-2.3.3/gems/actionpack-5.0.1/lib/action_dispatch/middleware/templates/rescues/_trace.html.erb (3.1ms)
  Rendering /Users/tatasutiadi/.rvm/gems/ruby-2.3.3/gems/actionpack-5.0.1/lib/action_dispatch/middleware/templates/rescues/_request_and_response.html.erb
  Rendered /Users/tatasutiadi/.rvm/gems/ruby-2.3.3/gems/actionpack-5.0.1/lib/action_dispatch/middleware/templates/rescues/_request_and_response.html.erb (1.2ms)
  Rendered /Users/tatasutiadi/.rvm/gems/ruby-2.3.3/gems/actionpack-5.0.1/lib/action_dispatch/middleware/templates/rescues/template_error.html.erb within rescues/layout (110.5ms)
Started GET "/" for 127.0.0.1 at 2017-03-05 12:15:07 +0700
Processing by HomeController#index as HTML
  Rendering home/index.html.erb within layouts/application
  Rendered home/index.html.erb within layouts/application (1254.7ms)
Completed 500 Internal Server Error in 1293ms (ActiveRecord: 0.0ms)


  
ActionView::Template::Error (undefined method `each' for "Pokona persib kudu menang \n#persibday\n#vikinggarututara":String):
    2: <p>Find me in app/views/home/index.html.erb</p>
    3: 
    4:     <ul>
    5:       <% TwitterApi.hometimeline.each do |hastag|%>
    6:       <li>
    7:         <%= hastag.text%>
    8:       </li>
  
app/views/home/index.html.erb:5:in `_app_views_home_index_html_erb__1021254454379738837_70357028958440'
  Rendering /Users/tatasutiadi/.rvm/gems/ruby-2.3.3/gems/actionpack-5.0.1/lib/action_dispatch/middleware/templates/rescues/template_error.html.erb within rescues/layout
  Rendering /Users/tatasutiadi/.rvm/gems/ruby-2.3.3/gems/actionpack-5.0.1/lib/action_dispatch/middleware/templates/rescues/_source.html.erb
  Rendered /Users/tatasutiadi/.rvm/gems/ruby-2.3.3/gems/actionpack-5.0.1/lib/action_dispatch/middleware/templates/rescues/_source.html.erb (14.5ms)
  Rendering /Users/tatasutiadi/.rvm/gems/ruby-2.3.3/gems/actionpack-5.0.1/lib/action_dispatch/middleware/templates/rescues/_trace.html.erb
  Rendered /Users/tatasutiadi/.rvm/gems/ruby-2.3.3/gems/actionpack-5.0.1/lib/action_dispatch/middleware/templates/rescues/_trace.html.erb (10.6ms)
  Rendering /Users/tatasutiadi/.rvm/gems/ruby-2.3.3/gems/actionpack-5.0.1/lib/action_dispatch/middleware/templates/rescues/_request_and_response.html.erb
  Rendered /Users/tatasutiadi/.rvm/gems/ruby-2.3.3/gems/actionpack-5.0.1/lib/action_dispatch/middleware/templates/rescues/_request_and_response.html.erb (1.4ms)
  Rendered /Users/tatasutiadi/.rvm/gems/ruby-2.3.3/gems/actionpack-5.0.1/lib/action_dispatch/middleware/templates/rescues/template_error.html.erb within rescues/layout (124.1ms)
Started GET "/" for 127.0.0.1 at 2017-03-05 12:16:24 +0700
Processing by HomeController#index as HTML
  Rendering home/index.html.erb within layouts/application
  Rendered home/index.html.erb within layouts/application (1686.4ms)
Completed 200 OK in 1849ms (Views: 1845.7ms | ActiveRecord: 0.0ms)


Started GET "/" for 127.0.0.1 at 2017-03-05 12:21:01 +0700
Processing by HomeController#index as HTML
  Rendering home/index.html.erb within layouts/application
  Rendered home/index.html.erb within layouts/application (2125.6ms)
Completed 200 OK in 2509ms (Views: 2485.8ms | ActiveRecord: 0.0ms)


Started GET "/" for 127.0.0.1 at 2017-03-05 12:21:07 +0700
Processing by HomeController#index as HTML
  Rendering home/index.html.erb within layouts/application
  Rendered home/index.html.erb within layouts/application (1299.0ms)
Completed 200 OK in 1368ms (Views: 1363.4ms | ActiveRecord: 0.0ms)


Started GET "/" for 127.0.0.1 at 2017-03-05 12:21:20 +0700
Processing by HomeController#index as HTML
  Rendering home/index.html.erb within layouts/application
  Rendered home/index.html.erb within layouts/application (2014.8ms)
Completed 200 OK in 2233ms (Views: 2210.6ms | ActiveRecord: 0.0ms)


Started GET "/" for 127.0.0.1 at 2017-03-05 12:21:25 +0700
Processing by HomeController#index as HTML
  Rendering home/index.html.erb within layouts/application
  Rendered home/index.html.erb within layouts/application (2165.7ms)
Completed 200 OK in 2196ms (Views: 2193.9ms | ActiveRecord: 0.0ms)


Started GET "/" for 127.0.0.1 at 2017-03-05 12:23:00 +0700
Processing by HomeController#index as HTML
  Rendering home/index.html.erb within layouts/application
  Rendered home/index.html.erb within layouts/application (1854.0ms)
Completed 200 OK in 2122ms (Views: 2099.9ms | ActiveRecord: 0.0ms)


Started GET "/" for 127.0.0.1 at 2017-03-05 12:23:07 +0700
Processing by HomeController#index as HTML
  Rendering home/index.html.erb within layouts/application
  Rendered home/index.html.erb within layouts/application (1303.3ms)
Completed 200 OK in 1363ms (Views: 1358.8ms | ActiveRecord: 0.0ms)


Started GET "/" for 127.0.0.1 at 2017-03-05 12:25:05 +0700
Processing by HomeController#index as HTML
  Rendering home/index.html.erb within layouts/application
  Rendered home/index.html.erb within layouts/application (2635.3ms)
Completed 200 OK in 2999ms (Views: 2958.9ms | ActiveRecord: 0.0ms)


Started GET "/" for 127.0.0.1 at 2017-03-05 12:26:04 +0700
Processing by HomeController#index as HTML
  Rendering home/index.html.erb within layouts/application
  Rendered home/index.html.erb within layouts/application (1767.2ms)
Completed 200 OK in 1914ms (Views: 1901.8ms | ActiveRecord: 0.0ms)


Started GET "/" for 127.0.0.1 at 2017-03-05 12:28:58 +0700
Processing by HomeController#index as HTML
  Rendering home/index.html.erb within layouts/application
  Rendered home/index.html.erb within layouts/application (2437.8ms)
Completed 200 OK in 3330ms (Views: 3278.1ms | ActiveRecord: 0.0ms)


Started GET "/" for 127.0.0.1 at 2017-03-05 12:29:07 +0700
Processing by HomeController#index as HTML
  Rendering home/index.html.erb within layouts/application
  Rendered home/index.html.erb within layouts/application (1275.3ms)
Completed 200 OK in 1304ms (Views: 1302.0ms | ActiveRecord: 0.0ms)


Started GET "/" for 127.0.0.1 at 2017-03-05 12:29:39 +0700
Processing by HomeController#index as HTML
  Rendering home/index.html.erb within layouts/application
  Rendered home/index.html.erb within layouts/application (23557.1ms)
Completed 200 OK in 23665ms (Views: 23661.6ms | ActiveRecord: 0.0ms)


Started GET "/" for 127.0.0.1 at 2017-03-05 12:47:25 +0700
Processing by HomeController#index as HTML
  Rendering home/index.html.erb within layouts/application
  Rendered home/index.html.erb within layouts/application (22654.0ms)
Completed 200 OK in 22922ms (Views: 22894.5ms | ActiveRecord: 0.0ms)


Started GET "/" for 127.0.0.1 at 2017-03-05 12:49:42 +0700
Processing by HomeController#index as HTML
  Rendering home/index.html.erb within layouts/application
  Rendered home/index.html.erb within layouts/application (23401.8ms)
Completed 200 OK in 23732ms (Views: 23720.5ms | ActiveRecord: 0.0ms)


Started GET "/" for 127.0.0.1 at 2017-03-05 12:54:47 +0700
Processing by HomeController#index as HTML
  Rendering home/index.html.erb within layouts/application
  Rendered home/index.html.erb within layouts/application (22126.8ms)
Completed 200 OK in 22335ms (Views: 22323.4ms | ActiveRecord: 0.0ms)


Started GET "/" for 127.0.0.1 at 2017-03-05 12:55:40 +0700
Processing by HomeController#index as HTML
  Rendering home/index.html.erb within layouts/application
  Rendered home/index.html.erb within layouts/application (22579.5ms)
Completed 200 OK in 22754ms (Views: 22742.2ms | ActiveRecord: 0.0ms)


Started GET "/" for 127.0.0.1 at 2017-03-05 12:56:12 +0700
Processing by HomeController#index as HTML
  Rendering home/index.html.erb within layouts/application
Started GET "/" for 127.0.0.1 at 2017-03-05 12:56:12 +0700
Processing by HomeController#index as HTML
  Rendering home/index.html.erb within layouts/application
  Rendered home/index.html.erb within layouts/application (21309.4ms)
Completed 200 OK in 21560ms (Views: 21557.5ms | ActiveRecord: 0.0ms)


  Rendered home/index.html.erb within layouts/application (22852.4ms)
Completed 200 OK in 22891ms (Views: 22886.8ms | ActiveRecord: 0.0ms)


Started GET "/" for 127.0.0.1 at 2017-03-05 12:58:24 +0700
Processing by HomeController#index as HTML
  Rendering home/index.html.erb within layouts/application
  Rendered home/index.html.erb within layouts/application (26387.2ms)
Completed 200 OK in 26608ms (Views: 26596.2ms | ActiveRecord: 0.0ms)


Started GET "/" for 127.0.0.1 at 2017-03-05 12:59:15 +0700
Processing by HomeController#index as HTML
  Rendering home/index.html.erb within layouts/application
  Rendered home/index.html.erb within layouts/application (21282.1ms)
Completed 200 OK in 21357ms (Views: 21345.9ms | ActiveRecord: 0.0ms)


Started GET "/" for 127.0.0.1 at 2017-03-05 13:00:56 +0700
Processing by HomeController#index as HTML
  Rendering home/index.html.erb within layouts/application
  Rendered home/index.html.erb within layouts/application (23930.9ms)
Completed 200 OK in 24173ms (Views: 24149.8ms | ActiveRecord: 0.0ms)


Started GET "/" for 127.0.0.1 at 2017-03-05 13:05:15 +0700
Processing by HomeController#index as HTML
  Rendering home/index.html.erb within layouts/application
Started GET "/" for 127.0.0.1 at 2017-03-05 13:05:35 +0700
Processing by HomeController#index as HTML
  Rendering home/index.html.erb within layouts/application
  Rendered home/index.html.erb within layouts/application (22186.7ms)
Completed 200 OK in 22434ms (Views: 22422.6ms | ActiveRecord: 0.0ms)


  Rendered home/index.html.erb within layouts/application (23406.4ms)
Completed 200 OK in 23578ms (Views: 23574.0ms | ActiveRecord: 0.0ms)


Started GET "/" for 127.0.0.1 at 2017-03-05 13:09:02 +0700
Processing by HomeController#index as HTML
  Rendering home/index.html.erb within layouts/application
  Rendered home/index.html.erb within layouts/application (1.3ms)
Completed 200 OK in 207ms (Views: 204.1ms | ActiveRecord: 0.0ms)


Started GET "/" for 127.0.0.1 at 2017-03-05 13:09:57 +0700
Processing by HomeController#index as HTML
  Rendering home/index.html.erb within layouts/application
  Rendered home/index.html.erb within layouts/application (1.4ms)
Completed 200 OK in 252ms (Views: 237.8ms | ActiveRecord: 0.0ms)


Started GET "/" for 127.0.0.1 at 2017-03-05 15:40:49 +0700
Processing by HomeController#index as HTML
  Rendering home/index.html.erb within layouts/application
  Rendered home/index.html.erb within layouts/application (7.5ms)
Completed 200 OK in 569ms (Views: 530.1ms | ActiveRecord: 0.0ms)


Started GET "/" for 127.0.0.1 at 2017-03-05 15:50:35 +0700
Processing by HomeController#index as HTML
  Rendering home/index.html.erb within layouts/application
  Rendered home/index.html.erb within layouts/application (2.3ms)
Completed 200 OK in 343ms (Views: 281.5ms | ActiveRecord: 0.0ms)


Started GET "/" for 127.0.0.1 at 2017-03-05 15:51:09 +0700
Processing by HomeController#index as HTML
  Rendering home/index.html.erb within layouts/application
  Rendered home/index.html.erb within layouts/application (0.9ms)
Completed 200 OK in 84ms (Views: 80.9ms | ActiveRecord: 0.0ms)


Started GET "/" for 127.0.0.1 at 2017-03-05 15:51:34 +0700
Processing by HomeController#index as HTML
  Rendering home/index.html.erb within layouts/application
  Rendered home/index.html.erb within layouts/application (2.2ms)
Completed 200 OK in 98ms (Views: 93.9ms | ActiveRecord: 0.0ms)


Started GET "/" for 127.0.0.1 at 2017-03-05 15:52:08 +0700
Processing by HomeController#index as HTML
  Rendering home/index.html.erb within layouts/application
  Rendered home/index.html.erb within layouts/application (1.5ms)
Completed 200 OK in 163ms (Views: 149.0ms | ActiveRecord: 0.0ms)


Started GET "/" for 127.0.0.1 at 2017-03-05 15:56:53 +0700
Processing by HomeController#index as HTML
  Rendering home/index.html.erb within layouts/application
  Rendered home/index.html.erb within layouts/application (4.4ms)
Completed 200 OK in 204ms (Views: 181.9ms | ActiveRecord: 0.0ms)


Started GET "/" for 127.0.0.1 at 2017-03-05 15:56:59 +0700
Processing by HomeController#index as HTML
  Rendering home/index.html.erb within layouts/application
  Rendered home/index.html.erb within layouts/application (2.8ms)
Completed 200 OK in 74ms (Views: 70.6ms | ActiveRecord: 0.0ms)


Started GET "/" for 127.0.0.1 at 2017-03-05 15:58:08 +0700
Processing by HomeController#index as HTML
  Rendering home/index.html.erb within layouts/application
  Rendered home/index.html.erb within layouts/application (1.1ms)
Completed 200 OK in 219ms (Views: 204.6ms | ActiveRecord: 0.0ms)


Started GET "/" for 127.0.0.1 at 2017-03-05 15:59:06 +0700
Processing by HomeController#index as HTML
  Rendering home/index.html.erb within layouts/application
  Rendered home/index.html.erb within layouts/application (1.0ms)
Completed 200 OK in 54ms (Views: 51.9ms | ActiveRecord: 0.0ms)


Started GET "/" for 127.0.0.1 at 2017-03-05 15:59:32 +0700
Processing by HomeController#index as HTML
  Rendering home/index.html.erb within layouts/application
  Rendered home/index.html.erb within layouts/application (1.1ms)
Completed 200 OK in 53ms (Views: 50.9ms | ActiveRecord: 0.0ms)


Started GET "/" for 127.0.0.1 at 2017-03-05 15:59:41 +0700
Processing by HomeController#index as HTML
  Rendering home/index.html.erb within layouts/application
  Rendered home/index.html.erb within layouts/application (1.2ms)
Completed 200 OK in 65ms (Views: 61.9ms | ActiveRecord: 0.0ms)


Started GET "/" for 127.0.0.1 at 2017-03-05 16:00:08 +0700
Processing by HomeController#index as HTML
  Rendering home/index.html.erb within layouts/application
  Rendered home/index.html.erb within layouts/application (1.7ms)
Completed 200 OK in 42ms (Views: 39.4ms | ActiveRecord: 0.0ms)


Started GET "/" for 127.0.0.1 at 2017-03-05 16:00:18 +0700
Processing by HomeController#index as HTML
  Rendering home/index.html.erb within layouts/application
  Rendered home/index.html.erb within layouts/application (0.8ms)
Completed 200 OK in 31ms (Views: 29.2ms | ActiveRecord: 0.0ms)


Started GET "/" for 127.0.0.1 at 2017-03-05 16:02:38 +0700
Processing by HomeController#index as HTML
  Rendering home/index.html.erb within layouts/application
  Rendered home/index.html.erb within layouts/application (0.7ms)
Completed 200 OK in 186ms (Views: 170.7ms | ActiveRecord: 0.0ms)


Started GET "/" for 127.0.0.1 at 2017-03-05 16:03:00 +0700
Processing by HomeController#index as HTML
  Rendering home/index.html.erb within layouts/application
  Rendered home/index.html.erb within layouts/application (0.8ms)
Completed 200 OK in 108ms (Views: 93.3ms | ActiveRecord: 0.0ms)


Started GET "/" for 127.0.0.1 at 2017-03-05 16:03:08 +0700
Processing by HomeController#index as HTML
  Rendering home/index.html.erb within layouts/application
  Rendered home/index.html.erb within layouts/application (0.7ms)
Completed 200 OK in 35ms (Views: 32.9ms | ActiveRecord: 0.0ms)


Started GET "/" for 127.0.0.1 at 2017-03-05 16:03:38 +0700
Processing by HomeController#index as HTML
  Rendering home/index.html.erb within layouts/application
  Rendered home/index.html.erb within layouts/application (1.2ms)
Completed 200 OK in 42ms (Views: 39.6ms | ActiveRecord: 0.0ms)


Started GET "/" for 127.0.0.1 at 2017-03-05 16:04:30 +0700
Processing by HomeController#index as HTML
  Rendering home/index.html.erb within layouts/application
  Rendered home/index.html.erb within layouts/application (0.9ms)
Completed 200 OK in 72ms (Views: 69.6ms | ActiveRecord: 0.0ms)


Started GET "/" for 127.0.0.1 at 2017-03-05 16:04:47 +0700
Processing by HomeController#index as HTML
  Rendering home/index.html.erb within layouts/application
  Rendered home/index.html.erb within layouts/application (0.9ms)
Completed 200 OK in 33ms (Views: 31.1ms | ActiveRecord: 0.0ms)


Started GET "/" for 127.0.0.1 at 2017-03-05 16:05:03 +0700
Processing by HomeController#index as HTML
  Rendering home/index.html.erb within layouts/application
  Rendered home/index.html.erb within layouts/application (0.8ms)
Completed 200 OK in 40ms (Views: 37.4ms | ActiveRecord: 0.0ms)


Started GET "/" for 127.0.0.1 at 2017-03-05 16:05:19 +0700
Processing by HomeController#index as HTML
  Rendering home/index.html.erb within layouts/application
  Rendered home/index.html.erb within layouts/application (1.1ms)
Completed 200 OK in 38ms (Views: 35.9ms | ActiveRecord: 0.0ms)


Started GET "/" for 127.0.0.1 at 2017-03-05 16:05:37 +0700
Processing by HomeController#index as HTML
  Rendering home/index.html.erb within layouts/application
  Rendered home/index.html.erb within layouts/application (1.6ms)
Completed 200 OK in 101ms (Views: 98.6ms | ActiveRecord: 0.0ms)


Started GET "/" for 127.0.0.1 at 2017-03-05 16:05:54 +0700
Processing by HomeController#index as HTML
  Rendering home/index.html.erb within layouts/application
  Rendered home/index.html.erb within layouts/application (2.3ms)
Completed 200 OK in 178ms (Views: 173.1ms | ActiveRecord: 0.0ms)


Started GET "/" for 127.0.0.1 at 2017-03-05 16:07:24 +0700
Processing by HomeController#index as HTML
  Rendering home/index.html.erb within layouts/application
  Rendered home/index.html.erb within layouts/application (2.1ms)
Completed 200 OK in 199ms (Views: 185.3ms | ActiveRecord: 0.0ms)


Started GET "/" for 127.0.0.1 at 2017-03-05 16:07:35 +0700
Processing by HomeController#index as HTML
  Rendering home/index.html.erb within layouts/application
  Rendered home/index.html.erb within layouts/application (2.5ms)
Completed 200 OK in 87ms (Views: 84.8ms | ActiveRecord: 0.0ms)


Started GET "/" for 127.0.0.1 at 2017-03-05 16:10:00 +0700
Processing by HomeController#index as HTML
  Rendering home/index.html.erb within layouts/application
  Rendered home/index.html.erb within layouts/application (1.4ms)
Completed 200 OK in 196ms (Views: 181.9ms | ActiveRecord: 0.0ms)


Started GET "/" for 127.0.0.1 at 2017-03-05 16:10:08 +0700
Processing by HomeController#index as HTML
  Rendering home/index.html.erb within layouts/application
  Rendered home/index.html.erb within layouts/application (1.9ms)
Completed 200 OK in 62ms (Views: 59.0ms | ActiveRecord: 0.0ms)


Started GET "/" for 127.0.0.1 at 2017-03-05 16:12:59 +0700
Processing by HomeController#index as HTML
  Rendering home/index.html.erb within layouts/application
  Rendered home/index.html.erb within layouts/application (1.4ms)
Completed 200 OK in 163ms (Views: 149.3ms | ActiveRecord: 0.0ms)


Started GET "/" for 127.0.0.1 at 2017-03-05 16:13:20 +0700
Processing by HomeController#index as HTML
  Rendering home/index.html.erb within layouts/application
  Rendered home/index.html.erb within layouts/application (1.1ms)
Completed 200 OK in 57ms (Views: 54.8ms | ActiveRecord: 0.0ms)


Started GET "/" for 127.0.0.1 at 2017-03-05 16:13:36 +0700
Processing by HomeController#index as HTML
  Rendering home/index.html.erb within layouts/application
  Rendered home/index.html.erb within layouts/application (0.9ms)
Completed 200 OK in 49ms (Views: 46.5ms | ActiveRecord: 0.0ms)


Started GET "/" for 127.0.0.1 at 2017-03-05 16:13:50 +0700
Processing by HomeController#index as HTML
  Rendering home/index.html.erb within layouts/application
  Rendered home/index.html.erb within layouts/application (0.9ms)
Completed 200 OK in 44ms (Views: 41.7ms | ActiveRecord: 0.0ms)


Started GET "/" for 127.0.0.1 at 2017-03-05 16:15:47 +0700
Processing by HomeController#index as HTML
  Rendering home/index.html.erb within layouts/application
  Rendered home/index.html.erb within layouts/application (0.9ms)
Completed 200 OK in 164ms (Views: 149.1ms | ActiveRecord: 0.0ms)


Started GET "/" for 127.0.0.1 at 2017-03-05 16:20:32 +0700
Processing by HomeController#index as HTML
  Rendering home/index.html.erb within layouts/application
  Rendered home/index.html.erb within layouts/application (1.6ms)
Completed 200 OK in 328ms (Views: 304.0ms | ActiveRecord: 0.0ms)


Started GET "/" for 127.0.0.1 at 2017-03-05 16:20:45 +0700
Processing by HomeController#index as HTML
  Rendering home/index.html.erb within layouts/application
  Rendered home/index.html.erb within layouts/application (1.3ms)
Completed 200 OK in 57ms (Views: 54.3ms | ActiveRecord: 0.0ms)


Started GET "/" for 127.0.0.1 at 2017-03-05 16:21:16 +0700
Processing by HomeController#index as HTML
  Rendering home/index.html.erb within layouts/application
  Rendered home/index.html.erb within layouts/application (1.0ms)
Completed 200 OK in 39ms (Views: 36.5ms | ActiveRecord: 0.0ms)


Started GET "/" for 127.0.0.1 at 2017-03-05 16:22:00 +0700
Processing by HomeController#index as HTML
  Rendering home/index.html.erb within layouts/application
  Rendered home/index.html.erb within layouts/application (1.0ms)
Completed 200 OK in 52ms (Views: 49.3ms | ActiveRecord: 0.0ms)


Started GET "/" for 127.0.0.1 at 2017-03-05 16:22:40 +0700
Processing by HomeController#index as HTML
  Rendering home/index.html.erb within layouts/application
  Rendered home/index.html.erb within layouts/application (3.2ms)
Completed 200 OK in 69ms (Views: 66.5ms | ActiveRecord: 0.0ms)


Started GET "/" for 127.0.0.1 at 2017-03-05 16:22:56 +0700
Processing by HomeController#index as HTML
  Rendering home/index.html.erb within layouts/application
  Rendered home/index.html.erb within layouts/application (1.6ms)
Completed 200 OK in 76ms (Views: 72.7ms | ActiveRecord: 0.0ms)


Started GET "/" for 127.0.0.1 at 2017-03-05 16:23:33 +0700
Processing by HomeController#index as HTML
  Rendering home/index.html.erb within layouts/application
  Rendered home/index.html.erb within layouts/application (1.3ms)
Completed 200 OK in 47ms (Views: 44.0ms | ActiveRecord: 0.0ms)


Started GET "/" for 127.0.0.1 at 2017-03-05 16:23:52 +0700
Processing by HomeController#index as HTML
  Rendering home/index.html.erb within layouts/application
  Rendered home/index.html.erb within layouts/application (1.2ms)
Completed 200 OK in 46ms (Views: 42.5ms | ActiveRecord: 0.0ms)


Started GET "/" for 127.0.0.1 at 2017-03-05 16:24:03 +0700
Processing by HomeController#index as HTML
  Rendering home/index.html.erb within layouts/application
  Rendered home/index.html.erb within layouts/application (1.0ms)
Completed 200 OK in 49ms (Views: 46.7ms | ActiveRecord: 0.0ms)


Started GET "/" for 127.0.0.1 at 2017-03-05 16:24:41 +0700
Processing by HomeController#index as HTML
  Rendering home/index.html.erb within layouts/application
  Rendered home/index.html.erb within layouts/application (0.9ms)
Completed 200 OK in 208ms (Views: 193.7ms | ActiveRecord: 0.0ms)


Started GET "/" for 127.0.0.1 at 2017-03-05 16:27:09 +0700
Processing by HomeController#index as HTML
  Rendering home/index.html.erb within layouts/application
  Rendered home/index.html.erb within layouts/application (1.3ms)
Completed 200 OK in 141ms (Views: 127.2ms | ActiveRecord: 0.0ms)


Started GET "/" for 127.0.0.1 at 2017-03-05 16:27:15 +0700
Processing by HomeController#index as HTML
  Rendering home/index.html.erb within layouts/application
  Rendered home/index.html.erb within layouts/application (1.0ms)
Completed 200 OK in 58ms (Views: 55.6ms | ActiveRecord: 0.0ms)


Started GET "/" for 127.0.0.1 at 2017-03-05 16:29:23 +0700
Processing by HomeController#index as HTML
  Rendering home/index.html.erb within layouts/application
  Rendered home/index.html.erb within layouts/application (0.9ms)
Completed 200 OK in 210ms (Views: 193.6ms | ActiveRecord: 0.0ms)


Started GET "/" for 127.0.0.1 at 2017-03-05 16:31:33 +0700
Processing by HomeController#index as HTML
  Rendering home/index.html.erb within layouts/application
  Rendered home/index.html.erb within layouts/application (1.0ms)
Completed 200 OK in 140ms (Views: 136.9ms | ActiveRecord: 0.0ms)


Started GET "/" for 127.0.0.1 at 2017-03-05 16:32:09 +0700
Processing by HomeController#index as HTML
  Rendering home/index.html.erb within layouts/application
  Rendered home/index.html.erb within layouts/application (0.9ms)
Completed 200 OK in 112ms (Views: 109.3ms | ActiveRecord: 0.0ms)


Started GET "/" for 127.0.0.1 at 2017-03-05 16:32:51 +0700
Processing by HomeController#index as HTML
  Rendering home/index.html.erb within layouts/application
  Rendered home/index.html.erb within layouts/application (1.1ms)
Completed 200 OK in 44ms (Views: 41.3ms | ActiveRecord: 0.0ms)


Started GET "/" for 127.0.0.1 at 2017-03-05 16:33:06 +0700
Processing by HomeController#index as HTML
  Rendering home/index.html.erb within layouts/application
  Rendered home/index.html.erb within layouts/application (1.4ms)
Completed 200 OK in 47ms (Views: 44.6ms | ActiveRecord: 0.0ms)


Started GET "/" for 127.0.0.1 at 2017-03-05 16:34:16 +0700
Processing by HomeController#index as HTML
  Rendering home/index.html.erb within layouts/application
  Rendered home/index.html.erb within layouts/application (1.1ms)
Completed 200 OK in 177ms (Views: 171.0ms | ActiveRecord: 0.0ms)


Started GET "/" for 127.0.0.1 at 2017-03-05 16:34:59 +0700
Processing by HomeController#index as HTML
  Rendering home/index.html.erb within layouts/application
  Rendered home/index.html.erb within layouts/application (1.7ms)
Completed 200 OK in 100ms (Views: 95.9ms | ActiveRecord: 0.0ms)


Started GET "/" for 127.0.0.1 at 2017-03-05 16:35:26 +0700
Processing by HomeController#index as HTML
  Rendering home/index.html.erb within layouts/application
  Rendered home/index.html.erb within layouts/application (1.2ms)
Completed 200 OK in 38ms (Views: 36.1ms | ActiveRecord: 0.0ms)


Started GET "/" for 127.0.0.1 at 2017-03-05 16:37:56 +0700
Processing by HomeController#index as HTML
  Rendering home/index.html.erb within layouts/application
  Rendered home/index.html.erb within layouts/application (1.0ms)
Completed 200 OK in 196ms (Views: 181.6ms | ActiveRecord: 0.0ms)


Started GET "/" for 127.0.0.1 at 2017-03-05 16:39:29 +0700
Processing by HomeController#index as HTML
  Rendering home/index.html.erb within layouts/application
  Rendered home/index.html.erb within layouts/application (1.8ms)
Completed 200 OK in 55ms (Views: 51.0ms | ActiveRecord: 0.0ms)


Started GET "/" for 127.0.0.1 at 2017-03-05 16:39:54 +0700
Processing by HomeController#index as HTML
  Rendering home/index.html.erb within layouts/application
  Rendered home/index.html.erb within layouts/application (1.1ms)
Completed 200 OK in 47ms (Views: 44.7ms | ActiveRecord: 0.0ms)


Started GET "/" for 127.0.0.1 at 2017-03-05 16:40:18 +0700
Processing by HomeController#index as HTML
  Rendering home/index.html.erb within layouts/application
  Rendered home/index.html.erb within layouts/application (1.1ms)
Completed 200 OK in 46ms (Views: 43.3ms | ActiveRecord: 0.0ms)


Started GET "/" for 127.0.0.1 at 2017-03-05 16:40:36 +0700
Processing by HomeController#index as HTML
  Rendering home/index.html.erb within layouts/application
  Rendered home/index.html.erb within layouts/application (1.5ms)
Completed 200 OK in 44ms (Views: 41.8ms | ActiveRecord: 0.0ms)


Started GET "/" for 127.0.0.1 at 2017-03-05 16:41:15 +0700
Processing by HomeController#index as HTML
  Rendering home/index.html.erb within layouts/application
  Rendered home/index.html.erb within layouts/application (1.4ms)
Completed 200 OK in 53ms (Views: 49.3ms | ActiveRecord: 0.0ms)


Started GET "/" for 127.0.0.1 at 2017-03-05 16:41:35 +0700
Processing by HomeController#index as HTML
  Rendering home/index.html.erb within layouts/application
  Rendered home/index.html.erb within layouts/application (1.6ms)
Completed 200 OK in 54ms (Views: 51.7ms | ActiveRecord: 0.0ms)


Started GET "/" for 127.0.0.1 at 2017-03-05 16:42:10 +0700
Processing by HomeController#index as HTML
  Rendering home/index.html.erb within layouts/application
  Rendered home/index.html.erb within layouts/application (0.7ms)
Completed 200 OK in 36ms (Views: 33.4ms | ActiveRecord: 0.0ms)


Started GET "/" for 127.0.0.1 at 2017-03-05 16:42:34 +0700
Processing by HomeController#index as HTML
  Rendering home/index.html.erb within layouts/application
  Rendered home/index.html.erb within layouts/application (0.8ms)
Completed 200 OK in 41ms (Views: 37.7ms | ActiveRecord: 0.0ms)


Started GET "/" for 127.0.0.1 at 2017-03-05 16:43:05 +0700
Processing by HomeController#index as HTML
  Rendering home/index.html.erb within layouts/application
  Rendered home/index.html.erb within layouts/application (0.7ms)
Completed 200 OK in 37ms (Views: 34.1ms | ActiveRecord: 0.0ms)


Started GET "/" for 127.0.0.1 at 2017-03-05 16:43:11 +0700
Processing by HomeController#index as HTML
  Rendering home/index.html.erb within layouts/application
  Rendered home/index.html.erb within layouts/application (0.8ms)
Completed 200 OK in 35ms (Views: 32.6ms | ActiveRecord: 0.0ms)


Started GET "/" for 127.0.0.1 at 2017-03-05 16:46:29 +0700
Processing by HomeController#index as HTML
  Rendering home/index.html.erb within layouts/application
  Rendered home/index.html.erb within layouts/application (1.0ms)
Completed 200 OK in 272ms (Views: 237.2ms | ActiveRecord: 0.0ms)


Started GET "/" for 127.0.0.1 at 2017-03-05 16:46:49 +0700
Processing by HomeController#index as HTML
  Rendering home/index.html.erb within layouts/application
  Rendered home/index.html.erb within layouts/application (0.9ms)
Completed 200 OK in 54ms (Views: 50.3ms | ActiveRecord: 0.0ms)


Started GET "/" for 127.0.0.1 at 2017-03-05 16:47:05 +0700
Processing by HomeController#index as HTML
  Rendering home/index.html.erb within layouts/application
  Rendered home/index.html.erb within layouts/application (0.7ms)
Completed 200 OK in 69ms (Views: 66.0ms | ActiveRecord: 0.0ms)


Started GET "/" for 127.0.0.1 at 2017-03-05 16:47:45 +0700
Processing by HomeController#index as HTML
  Rendering home/index.html.erb within layouts/application
  Rendered home/index.html.erb within layouts/application (0.9ms)
Completed 200 OK in 318ms (Views: 303.2ms | ActiveRecord: 0.0ms)


Started GET "/" for 127.0.0.1 at 2017-03-05 16:48:14 +0700
Processing by HomeController#index as HTML
  Rendering home/index.html.erb within layouts/application
  Rendered home/index.html.erb within layouts/application (0.9ms)
Completed 200 OK in 36ms (Views: 34.2ms | ActiveRecord: 0.0ms)


Started GET "/" for 127.0.0.1 at 2017-03-05 16:48:42 +0700
Processing by HomeController#index as HTML
  Rendering home/index.html.erb within layouts/application
  Rendered home/index.html.erb within layouts/application (0.9ms)
Completed 200 OK in 33ms (Views: 31.0ms | ActiveRecord: 0.0ms)


Started GET "/" for 127.0.0.1 at 2017-03-05 16:49:32 +0700
Processing by HomeController#index as HTML
  Rendering home/index.html.erb within layouts/application
  Rendered home/index.html.erb within layouts/application (0.7ms)
Completed 200 OK in 43ms (Views: 40.8ms | ActiveRecord: 0.0ms)


Started GET "/" for 127.0.0.1 at 2017-03-05 17:05:52 +0700
Processing by HomeController#index as HTML
  Rendering home/index.html.erb within layouts/application
  Rendered home/index.html.erb within layouts/application (4.3ms)
Completed 200 OK in 238ms (Views: 216.4ms | ActiveRecord: 0.0ms)


Started GET "/" for 127.0.0.1 at 2017-03-05 17:06:32 +0700
Processing by HomeController#index as HTML
  Rendering home/index.html.erb within layouts/application
  Rendered home/index.html.erb within layouts/application (2.2ms)
Completed 200 OK in 118ms (Views: 113.1ms | ActiveRecord: 0.0ms)


Started GET "/" for 127.0.0.1 at 2017-03-05 17:06:45 +0700
Processing by HomeController#index as HTML
  Rendering home/index.html.erb within layouts/application
  Rendered home/index.html.erb within layouts/application (1.0ms)
Completed 200 OK in 47ms (Views: 44.5ms | ActiveRecord: 0.0ms)


Started GET "/" for 127.0.0.1 at 2017-03-05 17:22:11 +0700
Processing by HomeController#index as HTML
  Rendering home/index.html.erb within layouts/application
  Rendered home/index.html.erb within layouts/application (11.4ms)
Completed 200 OK in 285ms (Views: 260.6ms | ActiveRecord: 0.0ms)


Started GET "/" for 127.0.0.1 at 2017-03-05 17:22:22 +0700
Processing by HomeController#index as HTML
  Rendering home/index.html.erb within layouts/application
  Rendered home/index.html.erb within layouts/application (2.0ms)
Completed 200 OK in 65ms (Views: 62.3ms | ActiveRecord: 0.0ms)


Started GET "/" for 127.0.0.1 at 2017-03-05 17:41:21 +0700
Processing by HomeController#index as HTML
  Rendering home/index.html.erb within layouts/application
  Rendered home/index.html.erb within layouts/application (18.4ms)
Completed 200 OK in 321ms (Views: 274.4ms | ActiveRecord: 0.0ms)


Started GET "/" for 127.0.0.1 at 2017-03-05 18:57:39 +0700
Processing by HomeController#index as HTML
  Rendering home/index.html.erb within layouts/application
  Rendered home/index.html.erb within layouts/application (9.9ms)
Completed 200 OK in 386ms (Views: 339.5ms | ActiveRecord: 0.0ms)


Started GET "/" for 127.0.0.1 at 2017-03-05 18:58:46 +0700
Processing by HomeController#index as HTML
  Rendering home/index.html.erb within layouts/application
  Rendered home/index.html.erb within layouts/application (2.2ms)
Completed 200 OK in 229ms (Views: 216.2ms | ActiveRecord: 0.0ms)


